[ 2017-04-24T15:13:05+08:00 ] ::1 /tp/index.php/Home/User/login
INFO: [ app_init ] --START--
INFO: Run Behavior\BuildLiteBehavior [ RunTime:0.000000s ]
INFO: [ app_init ] --END-- [ RunTime:0.000000s ]
INFO: [ app_begin ] --START--
INFO: Run Behavior\ReadHtmlCacheBehavior [ RunTime:0.000000s ]
INFO: [ app_begin ] --END-- [ RunTime:0.000000s ]
SQL: SHOW COLUMNS FROM `tb_user` [ RunTime:0.0000s ]
SQL: SELECT * FROM `tb_user` WHERE ( userName='18996157300' )  [ RunTime:0.0000s ]
SQL: SHOW COLUMNS FROM `tb_userjob` [ RunTime:0.0000s ]
SQL: SELECT m.* FROM tb_userjob uj,tb_jobmenu jm,tb_menu m WHERE ( uj.jid=jm.jid and jm.mid=m.mid and uj.uid=1 )  [ RunTime:0.0000s ]
INFO: [ app_end ] --START--
INFO: Run Behavior\ShowPageTraceBehavior [ RunTime:0.000000s ]
INFO: [ app_end ] --END-- [ RunTime:0.000000s ]

[ 2017-04-24T15:23:30+08:00 ] ::1 /tp/index.php?m=Home&c=User&a=login
INFO: [ app_init ] --START--
INFO: Run Behavior\BuildLiteBehavior [ RunTime:0.000000s ]
INFO: [ app_init ] --END-- [ RunTime:0.015600s ]
INFO: [ app_begin ] --START--
INFO: Run Behavior\ReadHtmlCacheBehavior [ RunTime:0.000000s ]
INFO: [ app_begin ] --END-- [ RunTime:0.015600s ]
SQL: SHOW COLUMNS FROM `tb_user` [ RunTime:0.0000s ]
SQL: SELECT * FROM `tb_user` WHERE ( userName='18996157300' )  [ RunTime:0.0000s ]
SQL: SHOW COLUMNS FROM `tb_userjob` [ RunTime:0.0000s ]
SQL: SELECT m.* FROM tb_userjob uj,tb_jobmenu jm,tb_menu m WHERE ( uj.jid=jm.jid and jm.mid=m.mid and uj.uid=1 )  [ RunTime:0.0000s ]
INFO: [ app_end ] --START--
INFO: Run Behavior\ShowPageTraceBehavior [ RunTime:0.000000s ]
INFO: [ app_end ] --END-- [ RunTime:0.015600s ]

[ 2017-04-24T15:28:18+08:00 ] ::1 /tp/index.php?m=Home&c=User&a=login
INFO: [ app_init ] --START--
INFO: Run Behavior\BuildLiteBehavior [ RunTime:0.000000s ]
INFO: [ app_init ] --END-- [ RunTime:0.015600s ]
INFO: [ app_begin ] --START--
INFO: Run Behavior\ReadHtmlCacheBehavior [ RunTime:0.015600s ]
INFO: [ app_begin ] --END-- [ RunTime:0.015600s ]
SQL: SHOW COLUMNS FROM `tb_user` [ RunTime:0.0000s ]
SQL: SELECT * FROM `tb_user` WHERE ( userName='18996157300' )  [ RunTime:0.0000s ]
SQL: SHOW COLUMNS FROM `tb_userjob` [ RunTime:0.0000s ]
SQL: SELECT m.* FROM tb_userjob uj,tb_jobmenu jm,tb_menu m WHERE ( uj.jid=jm.jid and jm.mid=m.mid and uj.uid=1 )  [ RunTime:0.0000s ]
INFO: [ app_end ] --START--
INFO: Run Behavior\ShowPageTraceBehavior [ RunTime:0.000000s ]
INFO: [ app_end ] --END-- [ RunTime:0.000000s ]

[ 2017-04-24T15:29:06+08:00 ] ::1 /tp/index.php?m=Home&c=User&a=login
INFO: [ app_init ] --START--
INFO: Run Behavior\BuildLiteBehavior [ RunTime:0.000000s ]
INFO: [ app_init ] --END-- [ RunTime:0.000000s ]
INFO: [ app_begin ] --START--
INFO: Run Behavior\ReadHtmlCacheBehavior [ RunTime:0.000000s ]
INFO: [ app_begin ] --END-- [ RunTime:0.000000s ]
SQL: SHOW COLUMNS FROM `tb_user` [ RunTime:0.0000s ]
SQL: SELECT * FROM `tb_user` WHERE ( userName='18996157300' )  [ RunTime:0.0000s ]
SQL: SHOW COLUMNS FROM `tb_userjob` [ RunTime:0.0000s ]
SQL: SELECT m.* FROM tb_userjob uj,tb_jobmenu jm,tb_menu m WHERE ( uj.jid=jm.jid and jm.mid=m.mid and uj.uid=1 )  [ RunTime:0.0000s ]
INFO: [ app_end ] --START--
INFO: Run Behavior\ShowPageTraceBehavior [ RunTime:0.000000s ]
INFO: [ app_end ] --END-- [ RunTime:0.000000s ]

[ 2017-04-24T15:29:56+08:00 ] ::1 /tp/index.php/Home/User/login
INFO: [ app_init ] --START--
INFO: Run Behavior\BuildLiteBehavior [ RunTime:0.000000s ]
INFO: [ app_init ] --END-- [ RunTime:0.000000s ]
INFO: [ app_begin ] --START--
INFO: Run Behavior\ReadHtmlCacheBehavior [ RunTime:0.000000s ]
INFO: [ app_begin ] --END-- [ RunTime:0.015600s ]
SQL: SHOW COLUMNS FROM `tb_user` [ RunTime:0.0000s ]
SQL: SELECT * FROM `tb_user` WHERE ( userName='18996157300' )  [ RunTime:0.0156s ]
SQL: SHOW COLUMNS FROM `tb_userjob` [ RunTime:0.0000s ]
SQL: SELECT m.* FROM tb_userjob uj,tb_jobmenu jm,tb_menu m WHERE ( uj.jid=jm.jid and jm.mid=m.mid and uj.uid=1 )  [ RunTime:0.0000s ]
INFO: [ app_end ] --START--
INFO: Run Behavior\ShowPageTraceBehavior [ RunTime:0.000000s ]
INFO: [ app_end ] --END-- [ RunTime:0.000000s ]

[ 2017-04-24T15:44:25+08:00 ] ::1 /tp/index.php/Home-User-login
INFO: [ app_init ] --START--
INFO: Run Behavior\BuildLiteBehavior [ RunTime:0.000000s ]
INFO: [ app_init ] --END-- [ RunTime:0.000000s ]
INFO: [ app_begin ] --START--
INFO: Run Behavior\ReadHtmlCacheBehavior [ RunTime:0.000000s ]
INFO: [ app_begin ] --END-- [ RunTime:0.000000s ]
SQL: SHOW COLUMNS FROM `tb_user` [ RunTime:0.0000s ]
SQL: SELECT * FROM `tb_user` WHERE ( userName='18996157300' )  [ RunTime:0.0000s ]
SQL: SHOW COLUMNS FROM `tb_userjob` [ RunTime:0.0000s ]
SQL: SELECT m.* FROM tb_userjob uj,tb_jobmenu jm,tb_menu m WHERE ( uj.jid=jm.jid and jm.mid=m.mid and uj.uid=1 )  [ RunTime:0.0000s ]
INFO: [ app_end ] --START--
INFO: Run Behavior\ShowPageTraceBehavior [ RunTime:0.000000s ]
INFO: [ app_end ] --END-- [ RunTime:0.000000s ]

[ 2017-04-24T15:45:00+08:00 ] ::1 /tp/index.php/Home.User.login
INFO: [ app_init ] --START--
INFO: Run Behavior\BuildLiteBehavior [ RunTime:0.000000s ]
INFO: [ app_init ] --END-- [ RunTime:0.015600s ]
INFO: [ app_begin ] --START--
INFO: Run Behavior\ReadHtmlCacheBehavior [ RunTime:0.000000s ]
INFO: [ app_begin ] --END-- [ RunTime:0.000000s ]
SQL: SHOW COLUMNS FROM `tb_user` [ RunTime:0.0000s ]
SQL: SELECT * FROM `tb_user` WHERE ( userName='18996157300' )  [ RunTime:0.0000s ]
SQL: SHOW COLUMNS FROM `tb_userjob` [ RunTime:0.0156s ]
SQL: SELECT m.* FROM tb_userjob uj,tb_jobmenu jm,tb_menu m WHERE ( uj.jid=jm.jid and jm.mid=m.mid and uj.uid=1 )  [ RunTime:0.0000s ]
INFO: [ app_end ] --START--
INFO: Run Behavior\ShowPageTraceBehavior [ RunTime:0.000000s ]
INFO: [ app_end ] --END-- [ RunTime:0.015600s ]

[ 2017-04-24T15:46:14+08:00 ] ::1 /tp/index.php/Home~User~login
INFO: [ app_init ] --START--
INFO: Run Behavior\BuildLiteBehavior [ RunTime:0.000000s ]
INFO: [ app_init ] --END-- [ RunTime:0.000000s ]
INFO: [ app_begin ] --START--
INFO: Run Behavior\ReadHtmlCacheBehavior [ RunTime:0.000000s ]
INFO: [ app_begin ] --END-- [ RunTime:0.000000s ]
SQL: SHOW COLUMNS FROM `tb_user` [ RunTime:0.0000s ]
SQL: SELECT * FROM `tb_user` WHERE ( userName='18996157300' )  [ RunTime:0.0000s ]
SQL: SHOW COLUMNS FROM `tb_userjob` [ RunTime:0.0000s ]
SQL: SELECT m.* FROM tb_userjob uj,tb_jobmenu jm,tb_menu m WHERE ( uj.jid=jm.jid and jm.mid=m.mid and uj.uid=1 )  [ RunTime:0.0000s ]
INFO: [ app_end ] --START--
INFO: Run Behavior\ShowPageTraceBehavior [ RunTime:0.000000s ]
INFO: [ app_end ] --END-- [ RunTime:0.000000s ]

[ 2017-04-24T15:52:44+08:00 ] ::1 /tp/index.php?s=/Home/User/login
INFO: [ app_init ] --START--
INFO: Run Behavior\BuildLiteBehavior [ RunTime:0.000000s ]
INFO: [ app_init ] --END-- [ RunTime:0.000000s ]
INFO: [ app_begin ] --START--
INFO: Run Behavior\ReadHtmlCacheBehavior [ RunTime:0.015600s ]
INFO: [ app_begin ] --END-- [ RunTime:0.015600s ]
SQL: SHOW COLUMNS FROM `tb_user` [ RunTime:0.0000s ]
SQL: SELECT * FROM `tb_user` WHERE ( userName='18996157300' )  [ RunTime:0.0000s ]
SQL: SHOW COLUMNS FROM `tb_userjob` [ RunTime:0.0000s ]
SQL: SELECT m.* FROM tb_userjob uj,tb_jobmenu jm,tb_menu m WHERE ( uj.jid=jm.jid and jm.mid=m.mid and uj.uid=1 )  [ RunTime:0.0000s ]
INFO: [ app_end ] --START--
INFO: Run Behavior\ShowPageTraceBehavior [ RunTime:0.000000s ]
INFO: [ app_end ] --END-- [ RunTime:0.015600s ]

[ 2017-04-24T16:03:57+08:00 ] ::1 /tp/index.php/aa
INFO: [ app_init ] --START--
INFO: Run Behavior\BuildLiteBehavior [ RunTime:0.015600s ]
INFO: [ app_init ] --END-- [ RunTime:0.015600s ]
INFO: [ app_begin ] --START--
INFO: Run Behavior\ReadHtmlCacheBehavior [ RunTime:0.000000s ]
INFO: [ app_begin ] --END-- [ RunTime:0.000000s ]
SQL: SHOW COLUMNS FROM `tb_user` [ RunTime:0.0000s ]
SQL: SELECT * FROM `tb_user` WHERE ( userName='18996157300' )  [ RunTime:0.0156s ]
SQL: SHOW COLUMNS FROM `tb_userjob` [ RunTime:0.0000s ]
SQL: SELECT m.* FROM tb_userjob uj,tb_jobmenu jm,tb_menu m WHERE ( uj.jid=jm.jid and jm.mid=m.mid and uj.uid=1 )  [ RunTime:0.0000s ]
INFO: [ app_end ] --START--
INFO: Run Behavior\ShowPageTraceBehavior [ RunTime:0.000000s ]
INFO: [ app_end ] --END-- [ RunTime:0.015600s ]

[ 2017-04-24T16:12:35+08:00 ] ::1 /tp/index.php/aa/12/34
INFO: [ app_init ] --START--
INFO: Run Behavior\BuildLiteBehavior [ RunTime:0.015600s ]
INFO: [ app_init ] --END-- [ RunTime:0.015600s ]
INFO: [ app_begin ] --START--
INFO: Run Behavior\ReadHtmlCacheBehavior [ RunTime:0.000000s ]
INFO: [ app_begin ] --END-- [ RunTime:0.000000s ]
SQL: SHOW COLUMNS FROM `tb_user` [ RunTime:0.0000s ]
NOTIC: [8] Undefined index: ttt D:\php\webapp\tp\Application\Home\Controller\UserController.class.php 第 14 行.
NOTIC: [8] Undefined index: hhh D:\php\webapp\tp\Application\Home\Controller\UserController.class.php 第 15 行.
INFO: [ app_end ] --START--
INFO: Run Behavior\ShowPageTraceBehavior [ RunTime:0.015600s ]
INFO: [ app_end ] --END-- [ RunTime:0.015600s ]

[ 2017-04-24T16:13:19+08:00 ] ::1 /tp/index.php/aa/12/34
INFO: [ app_init ] --START--
INFO: Run Behavior\BuildLiteBehavior [ RunTime:0.000000s ]
INFO: [ app_init ] --END-- [ RunTime:0.000000s ]
INFO: [ app_begin ] --START--
INFO: Run Behavior\ReadHtmlCacheBehavior [ RunTime:0.015600s ]
INFO: [ app_begin ] --END-- [ RunTime:0.015600s ]
SQL: SHOW COLUMNS FROM `tb_user` [ RunTime:0.0000s ]
NOTIC: [8] Undefined index: ttt D:\php\webapp\tp\Application\Home\Controller\UserController.class.php 第 14 行.
NOTIC: [8] Undefined index: hhh D:\php\webapp\tp\Application\Home\Controller\UserController.class.php 第 15 行.
INFO: [ app_end ] --START--
INFO: Run Behavior\ShowPageTraceBehavior [ RunTime:0.015600s ]
INFO: [ app_end ] --END-- [ RunTime:0.015600s ]

[ 2017-04-24T16:14:09+08:00 ] ::1 /tp/index.php/aa/12/34
INFO: [ app_init ] --START--
INFO: Run Behavior\BuildLiteBehavior [ RunTime:0.000000s ]
INFO: [ app_init ] --END-- [ RunTime:0.000000s ]
INFO: [ app_begin ] --START--
INFO: Run Behavior\ReadHtmlCacheBehavior [ RunTime:0.000000s ]
INFO: [ app_begin ] --END-- [ RunTime:0.000000s ]
SQL: SHOW COLUMNS FROM `tb_user` [ RunTime:0.0000s ]
NOTIC: [8] Undefined index: ttt D:\php\webapp\tp\Application\Home\Controller\UserController.class.php 第 14 行.
NOTIC: [8] Undefined index: hhh D:\php\webapp\tp\Application\Home\Controller\UserController.class.php 第 15 行.
INFO: [ app_end ] --START--
INFO: Run Behavior\ShowPageTraceBehavior [ RunTime:0.015600s ]
INFO: [ app_end ] --END-- [ RunTime:0.015600s ]

[ 2017-04-24T16:16:22+08:00 ] ::1 /tp/index.php/aa/12/34
INFO: [ app_init ] --START--
INFO: Run Behavior\BuildLiteBehavior [ RunTime:0.000000s ]
INFO: [ app_init ] --END-- [ RunTime:0.000000s ]
INFO: [ app_begin ] --START--
INFO: Run Behavior\ReadHtmlCacheBehavior [ RunTime:0.000000s ]
INFO: [ app_begin ] --END-- [ RunTime:0.000000s ]
SQL: SHOW COLUMNS FROM `tb_user` [ RunTime:0.0000s ]
INFO: [ app_end ] --START--
INFO: Run Behavior\ShowPageTraceBehavior [ RunTime:0.000000s ]
INFO: [ app_end ] --END-- [ RunTime:0.000000s ]

[ 2017-04-24T16:19:37+08:00 ] ::1 /tp/index.php/aa/2017/4/24
INFO: [ app_init ] --START--
INFO: Run Behavior\BuildLiteBehavior [ RunTime:0.000000s ]
INFO: [ app_init ] --END-- [ RunTime:0.000000s ]
INFO: [ app_begin ] --START--
INFO: Run Behavior\ReadHtmlCacheBehavior [ RunTime:0.000000s ]
INFO: [ app_begin ] --END-- [ RunTime:0.015600s ]
SQL: SHOW COLUMNS FROM `tb_user` [ RunTime:0.0000s ]
INFO: [ app_end ] --START--
INFO: Run Behavior\ShowPageTraceBehavior [ RunTime:0.000000s ]
INFO: [ app_end ] --END-- [ RunTime:0.000000s ]

[ 2017-04-24T16:20:05+08:00 ] ::1 /tp/index.php/aa/2017/4/24
INFO: [ app_init ] --START--
INFO: Run Behavior\BuildLiteBehavior [ RunTime:0.000000s ]
INFO: [ app_init ] --END-- [ RunTime:0.000000s ]
INFO: [ app_begin ] --START--
INFO: Run Behavior\ReadHtmlCacheBehavior [ RunTime:0.000000s ]
INFO: [ app_begin ] --END-- [ RunTime:0.000000s ]
SQL: SHOW COLUMNS FROM `tb_user` [ RunTime:0.0000s ]
INFO: [ app_end ] --START--
INFO: Run Behavior\ShowPageTraceBehavior [ RunTime:0.000000s ]
INFO: [ app_end ] --END-- [ RunTime:0.000000s ]

[ 2017-04-24T16:49:05+08:00 ] ::1 /tp/index.php/bb
INFO: [ app_init ] --START--
INFO: Run Behavior\BuildLiteBehavior [ RunTime:0.000000s ]
INFO: [ app_init ] --END-- [ RunTime:0.010000s ]
INFO: [ app_begin ] --START--
INFO: Run Behavior\ReadHtmlCacheBehavior [ RunTime:0.000000s ]
INFO: [ app_begin ] --END-- [ RunTime:0.010000s ]
SQL: SHOW COLUMNS FROM `tb_user` [ RunTime:0.0100s ]
SQL: SELECT * FROM `tb_user` WHERE ( userName='18996157300' )  [ RunTime:0.0000s ]
SQL: SHOW COLUMNS FROM `tb_userjob` [ RunTime:0.0100s ]
SQL: SELECT m.* FROM tb_userjob uj,tb_jobmenu jm,tb_menu m WHERE ( uj.jid=jm.jid and jm.mid=m.mid and uj.uid=1 )  [ RunTime:0.0000s ]
INFO: [ app_end ] --START--
INFO: Run Behavior\ShowPageTraceBehavior [ RunTime:0.000000s ]
INFO: [ app_end ] --END-- [ RunTime:0.000000s ]

[ 2017-04-24T16:49:46+08:00 ] ::1 /tp/index.php/bb.html
INFO: [ app_init ] --START--
INFO: Run Behavior\BuildLiteBehavior [ RunTime:0.000000s ]
INFO: [ app_init ] --END-- [ RunTime:0.000000s ]
INFO: [ app_begin ] --START--
INFO: Run Behavior\ReadHtmlCacheBehavior [ RunTime:0.000000s ]
INFO: [ app_begin ] --END-- [ RunTime:0.000000s ]
SQL: SHOW COLUMNS FROM `tb_user` [ RunTime:0.0000s ]
SQL: SELECT * FROM `tb_user` WHERE ( userName='18996157300' )  [ RunTime:0.0100s ]
SQL: SHOW COLUMNS FROM `tb_userjob` [ RunTime:0.0000s ]
SQL: SELECT m.* FROM tb_userjob uj,tb_jobmenu jm,tb_menu m WHERE ( uj.jid=jm.jid and jm.mid=m.mid and uj.uid=1 )  [ RunTime:0.0000s ]
INFO: [ app_end ] --START--
INFO: Run Behavior\ShowPageTraceBehavior [ RunTime:0.000000s ]
INFO: [ app_end ] --END-- [ RunTime:0.000000s ]

